# JRE version: OpenJDK Runtime Environment (17.0.9) (build 17.0.9+0--11185874)
# Java VM: OpenJDK 64-Bit Server VM (17.0.9+0--11185874, mixed mode, tiered, compressed oops, compressed class ptrs, g1 gc, windows-amd64)
GC Precious Log:
 CPUs: 8 total, 8 available
 Memory: 7834M
 Large Page Support: Disabled
 NUMA Support: Disabled
 Compressed Oops: Enabled (32-bit)
 Heap Region Size: 1M
 Heap Min Capacity: 8M
 Heap Initial Capacity: 124M
 Heap Max Capacity: 2G
 Pre-touch: Disabled
 Parallel Workers: 8
 Concurrent Workers: 2
 Concurrent Refinement Workers: 8
 Periodic GC: Disabled
Heap:
 garbage-first heap   total 192512K, used 149702K [0x0000000080000000, 0x0000000100000000)
  region size 1024K, 65 young (66560K), 6 survivors (6144K)
 Metaspace       used 99025K, committed 99776K, reserved 1179648K
  class space    used 13700K, committed 14080K, reserved 1048576K
GC Heap History (20 events):
Event: 8.429 GC heap before
{Heap before GC invocations=22 (full 0):
 garbage-first heap   total 139264K, used 65566K [0x0000000080000000, 0x0000000100000000)
  region size 1024K, 2 young (2048K), 1 survivors (1024K)
 Metaspace       used 68099K, committed 68736K, reserved 1114112K
  class space    used 9183K, committed 9472K, reserved 1048576K
}
Event: 8.431 GC heap after
{Heap after GC invocations=23 (full 0):
 garbage-first heap   total 139264K, used 66111K [0x0000000080000000, 0x0000000100000000)
  region size 1024K, 2 young (2048K), 2 survivors (2048K)
 Metaspace       used 68099K, committed 68736K, reserved 1114112K
  class space    used 9183K, committed 9472K, reserved 1048576K
}
Event: 8.722 GC heap before
{Heap before GC invocations=24 (full 0):
 garbage-first heap   total 139264K, used 100927K [0x0000000080000000, 0x0000000100000000)
  region size 1024K, 30 young (30720K), 2 survivors (2048K)
 Metaspace       used 69306K, committed 69888K, reserved 1114112K
  class space    used 9349K, committed 9600K, reserved 1048576K
}
Event: 8.725 GC heap after
{Heap after GC invocations=25 (full 0):
 garbage-first heap   total 139264K, used 68863K [0x0000000080000000, 0x0000000100000000)
  region size 1024K, 4 young (4096K), 4 survivors (4096K)
 Metaspace       used 69306K, committed 69888K, reserved 1114112K
  class space    used 9349K, committed 9600K, reserved 1048576K
}
Event: 8.754 GC heap before
{Heap before GC invocations=25 (full 0):
 garbage-first heap   total 139264K, used 69887K [0x0000000080000000, 0x0000000100000000)
  region size 1024K, 6 young (6144K), 4 survivors (4096K)
 Metaspace       used 69460K, committed 70080K, reserved 1114112K
  class space    used 9369K, committed 9664K, reserved 1048576K
}
Event: 8.756 GC heap after
{Heap after GC invocations=26 (full 0):
 garbage-first heap   total 139264K, used 69138K [0x0000000080000000, 0x0000000100000000)
  region size 1024K, 1 young (1024K), 1 survivors (1024K)
 Metaspace       used 69460K, committed 70080K, reserved 1114112K
  class space    used 9369K, committed 9664K, reserved 1048576K
}
Event: 9.109 GC heap before
{Heap before GC invocations=26 (full 0):
 garbage-first heap   total 139264K, used 98834K [0x0000000080000000, 0x0000000100000000)
  region size 1024K, 30 young (30720K), 1 survivors (1024K)
 Metaspace       used 71504K, committed 72064K, reserved 1114112K
  class space    used 9640K, committed 9920K, reserved 1048576K
}
Event: 9.114 GC heap after
{Heap after GC invocations=27 (full 0):
 garbage-first heap   total 192512K, used 70333K [0x0000000080000000, 0x0000000100000000)
  region size 1024K, 2 young (2048K), 2 survivors (2048K)
 Metaspace       used 71504K, committed 72064K, reserved 1114112K
  class space    used 9640K, committed 9920K, reserved 1048576K
}
Event: 9.940 GC heap before
{Heap before GC invocations=28 (full 0):
 garbage-first heap   total 192512K, used 131773K [0x0000000080000000, 0x0000000100000000)
  region size 1024K, 58 young (59392K), 2 survivors (2048K)
 Metaspace       used 77482K, committed 78080K, reserved 1179648K
  class space    used 10477K, committed 10752K, reserved 1048576K
}
Event: 9.944 GC heap after
{Heap after GC invocations=29 (full 0):
 garbage-first heap   total 192512K, used 77444K [0x0000000080000000, 0x0000000100000000)
  region size 1024K, 5 young (5120K), 5 survivors (5120K)
 Metaspace       used 77482K, committed 78080K, reserved 1179648K
  class space    used 10477K, committed 10752K, reserved 1048576K
}
Event: 9.999 GC heap before
{Heap before GC invocations=29 (full 0):
 garbage-first heap   total 192512K, used 80516K [0x0000000080000000, 0x0000000100000000)
  region size 1024K, 9 young (9216K), 5 survivors (5120K)
 Metaspace       used 77937K, committed 78592K, reserved 1179648K
  class space    used 10523K, committed 10816K, reserved 1048576K
}
Event: 10.005 GC heap after
{Heap after GC invocations=30 (full 0):
 garbage-first heap   total 192512K, used 77838K [0x0000000080000000, 0x0000000100000000)
  region size 1024K, 1 young (1024K), 1 survivors (1024K)
 Metaspace       used 77937K, committed 78592K, reserved 1179648K
  class space    used 10523K, committed 10816K, reserved 1048576K
}
Event: 11.051 GC heap before
{Heap before GC invocations=30 (full 0):
 garbage-first heap   total 192512K, used 140302K [0x0000000080000000, 0x0000000100000000)
  region size 1024K, 62 young (63488K), 1 survivors (1024K)
 Metaspace       used 81146K, committed 81792K, reserved 1179648K
  class space    used 10952K, committed 11264K, reserved 1048576K
}
Event: 11.055 GC heap after
{Heap after GC invocations=31 (full 0):
 garbage-first heap   total 192512K, used 83215K [0x0000000080000000, 0x0000000100000000)
  region size 1024K, 7 young (7168K), 7 survivors (7168K)
 Metaspace       used 81146K, committed 81792K, reserved 1179648K
  class space    used 10952K, committed 11264K, reserved 1048576K
}
Event: 12.039 GC heap before
{Heap before GC invocations=31 (full 0):
 garbage-first heap   total 192512K, used 142607K [0x0000000080000000, 0x0000000100000000)
  region size 1024K, 65 young (66560K), 7 survivors (7168K)
 Metaspace       used 84777K, committed 85376K, reserved 1179648K
  class space    used 11450K, committed 11776K, reserved 1048576K
}
Event: 12.044 GC heap after
{Heap after GC invocations=32 (full 0):
 garbage-first heap   total 192512K, used 85356K [0x0000000080000000, 0x0000000100000000)
  region size 1024K, 4 young (4096K), 4 survivors (4096K)
 Metaspace       used 84777K, committed 85376K, reserved 1179648K
  class space    used 11450K, committed 11776K, reserved 1048576K
}
Event: 12.967 GC heap before
{Heap before GC invocations=32 (full 0):
 garbage-first heap   total 192512K, used 145772K [0x0000000080000000, 0x0000000100000000)
  region size 1024K, 63 young (64512K), 4 survivors (4096K)
 Metaspace       used 89149K, committed 89856K, reserved 1179648K
  class space    used 12258K, committed 12608K, reserved 1048576K
}
Event: 12.972 GC heap after
{Heap after GC invocations=33 (full 0):
 garbage-first heap   total 192512K, used 87190K [0x0000000080000000, 0x0000000100000000)
  region size 1024K, 6 young (6144K), 6 survivors (6144K)
 Metaspace       used 89149K, committed 89856K, reserved 1179648K
  class space    used 12258K, committed 12608K, reserved 1048576K
}
Event: 14.203 GC heap before
{Heap before GC invocations=33 (full 0):
 garbage-first heap   total 192512K, used 149654K [0x0000000080000000, 0x0000000100000000)
  region size 1024K, 67 young (68608K), 6 survivors (6144K)
 Metaspace       used 93705K, committed 94336K, reserved 1179648K
  class space    used 12944K, committed 13248K, reserved 1048576K
}
Event: 14.215 GC heap after
{Heap after GC invocations=34 (full 0):
 garbage-first heap   total 192512K, used 90310K [0x0000000080000000, 0x0000000100000000)
  region size 1024K, 6 young (6144K), 6 survivors (6144K)
 Metaspace       used 93705K, committed 94336K, reserved 1179648K
  class space    used 12944K, committed 13248K, reserved 1048576K
}

