# JRE version: OpenJDK Runtime Environment (17.0.9) (build 17.0.9+0--11185874)
# Java VM: OpenJDK 64-Bit Server VM (17.0.9+0--11185874, mixed mode, tiered, compressed oops, compressed class ptrs, g1 gc, windows-amd64)
GC Precious Log:
 CPUs: 8 total, 8 available
 Memory: 7834M
 Large Page Support: Disabled
 NUMA Support: Disabled
 Compressed Oops: Enabled (32-bit)
 Heap Region Size: 1M
 Heap Min Capacity: 8M
 Heap Initial Capacity: 124M
 Heap Max Capacity: 2G
 Pre-touch: Disabled
 Parallel Workers: 8
 Concurrent Workers: 2
 Concurrent Refinement Workers: 8
 Periodic GC: Disabled
Heap:
 garbage-first heap   total 197632K, used 94228K [0x0000000080000000, 0x0000000100000000)
  region size 1024K, 17 young (17408K), 1 survivors (1024K)
 Metaspace       used 80276K, committed 80832K, reserved 1179648K
  class space    used 10853K, committed 11136K, reserved 1048576K
GC Heap History (20 events):
Event: 7.913 GC heap before
{Heap before GC invocations=21 (full 0):
 garbage-first heap   total 106496K, used 71848K [0x0000000080000000, 0x0000000100000000)
  region size 1024K, 12 young (12288K), 1 survivors (1024K)
 Metaspace       used 58319K, committed 58880K, reserved 1114112K
  class space    used 7969K, committed 8256K, reserved 1048576K
}
Event: 7.915 GC heap after
{Heap after GC invocations=22 (full 0):
 garbage-first heap   total 140288K, used 61951K [0x0000000080000000, 0x0000000100000000)
  region size 1024K, 1 young (1024K), 1 survivors (1024K)
 Metaspace       used 58319K, committed 58880K, reserved 1114112K
  class space    used 7969K, committed 8256K, reserved 1048576K
}
Event: 8.002 GC heap before
{Heap before GC invocations=22 (full 0):
 garbage-first heap   total 140288K, used 66047K [0x0000000080000000, 0x0000000100000000)
  region size 1024K, 6 young (6144K), 1 survivors (1024K)
 Metaspace       used 58726K, committed 59264K, reserved 1114112K
  class space    used 8031K, committed 8320K, reserved 1048576K
}
Event: 8.003 GC heap after
{Heap after GC invocations=23 (full 0):
 garbage-first heap   total 140288K, used 61765K [0x0000000080000000, 0x0000000100000000)
  region size 1024K, 1 young (1024K), 1 survivors (1024K)
 Metaspace       used 58726K, committed 59264K, reserved 1114112K
  class space    used 8031K, committed 8320K, reserved 1048576K
}
Event: 8.593 GC heap before
{Heap before GC invocations=23 (full 0):
 garbage-first heap   total 140288K, used 103749K [0x0000000080000000, 0x0000000100000000)
  region size 1024K, 42 young (43008K), 1 survivors (1024K)
 Metaspace       used 62938K, committed 63488K, reserved 1114112K
  class space    used 8512K, committed 8768K, reserved 1048576K
}
Event: 8.595 GC heap after
{Heap after GC invocations=24 (full 0):
 garbage-first heap   total 140288K, used 62769K [0x0000000080000000, 0x0000000100000000)
  region size 1024K, 2 young (2048K), 2 survivors (2048K)
 Metaspace       used 62938K, committed 63488K, reserved 1114112K
  class space    used 8512K, committed 8768K, reserved 1048576K
}
Event: 9.234 GC heap before
{Heap before GC invocations=24 (full 0):
 garbage-first heap   total 140288K, used 107825K [0x0000000080000000, 0x0000000100000000)
  region size 1024K, 45 young (46080K), 2 survivors (2048K)
 Metaspace       used 68176K, committed 68800K, reserved 1114112K
  class space    used 9176K, committed 9472K, reserved 1048576K
}
Event: 9.238 GC heap after
{Heap after GC invocations=25 (full 0):
 garbage-first heap   total 140288K, used 66728K [0x0000000080000000, 0x0000000100000000)
  region size 1024K, 5 young (5120K), 5 survivors (5120K)
 Metaspace       used 68176K, committed 68800K, reserved 1114112K
  class space    used 9176K, committed 9472K, reserved 1048576K
}
Event: 9.244 GC heap before
{Heap before GC invocations=25 (full 0):
 garbage-first heap   total 140288K, used 68776K [0x0000000080000000, 0x0000000100000000)
  region size 1024K, 7 young (7168K), 5 survivors (5120K)
 Metaspace       used 68176K, committed 68800K, reserved 1114112K
  class space    used 9176K, committed 9472K, reserved 1048576K
}
Event: 9.248 GC heap after
{Heap after GC invocations=26 (full 0):
 garbage-first heap   total 140288K, used 68511K [0x0000000080000000, 0x0000000100000000)
  region size 1024K, 4 young (4096K), 4 survivors (4096K)
 Metaspace       used 68176K, committed 68800K, reserved 1114112K
  class space    used 9176K, committed 9472K, reserved 1048576K
}
Event: 9.605 GC heap before
{Heap before GC invocations=27 (full 0):
 garbage-first heap   total 140288K, used 102303K [0x0000000080000000, 0x0000000100000000)
  region size 1024K, 33 young (33792K), 4 survivors (4096K)
 Metaspace       used 69628K, committed 70208K, reserved 1114112K
  class space    used 9388K, committed 9664K, reserved 1048576K
}
Event: 9.610 GC heap after
{Heap after GC invocations=28 (full 0):
 garbage-first heap   total 140288K, used 68886K [0x0000000080000000, 0x0000000100000000)
  region size 1024K, 4 young (4096K), 4 survivors (4096K)
 Metaspace       used 69628K, committed 70208K, reserved 1114112K
  class space    used 9388K, committed 9664K, reserved 1048576K
}
Event: 9.628 GC heap before
{Heap before GC invocations=28 (full 0):
 garbage-first heap   total 140288K, used 70934K [0x0000000080000000, 0x0000000100000000)
  region size 1024K, 6 young (6144K), 4 survivors (4096K)
 Metaspace       used 69777K, committed 70336K, reserved 1114112K
  class space    used 9409K, committed 9664K, reserved 1048576K
}
Event: 9.630 GC heap after
{Heap after GC invocations=29 (full 0):
 garbage-first heap   total 140288K, used 68858K [0x0000000080000000, 0x0000000100000000)
  region size 1024K, 1 young (1024K), 1 survivors (1024K)
 Metaspace       used 69777K, committed 70336K, reserved 1114112K
  class space    used 9409K, committed 9664K, reserved 1048576K
}
Event: 10.066 GC heap before
{Heap before GC invocations=29 (full 0):
 garbage-first heap   total 140288K, used 101626K [0x0000000080000000, 0x0000000100000000)
  region size 1024K, 33 young (33792K), 1 survivors (1024K)
 Metaspace       used 72079K, committed 72640K, reserved 1114112K
  class space    used 9712K, committed 9984K, reserved 1048576K
}
Event: 10.069 GC heap after
{Heap after GC invocations=30 (full 0):
 garbage-first heap   total 197632K, used 70151K [0x0000000080000000, 0x0000000100000000)
  region size 1024K, 2 young (2048K), 2 survivors (2048K)
 Metaspace       used 72079K, committed 72640K, reserved 1114112K
  class space    used 9712K, committed 9984K, reserved 1048576K
}
Event: 11.064 GC heap before
{Heap before GC invocations=31 (full 0):
 garbage-first heap   total 197632K, used 140807K [0x0000000080000000, 0x0000000100000000)
  region size 1024K, 68 young (69632K), 2 survivors (2048K)
 Metaspace       used 79145K, committed 79808K, reserved 1179648K
  class space    used 10693K, committed 11008K, reserved 1048576K
}
Event: 11.071 GC heap after
{Heap after GC invocations=32 (full 0):
 garbage-first heap   total 197632K, used 78405K [0x0000000080000000, 0x0000000100000000)
  region size 1024K, 6 young (6144K), 6 survivors (6144K)
 Metaspace       used 79145K, committed 79808K, reserved 1179648K
  class space    used 10693K, committed 11008K, reserved 1048576K
}
Event: 11.105 GC heap before
{Heap before GC invocations=32 (full 0):
 garbage-first heap   total 197632K, used 81477K [0x0000000080000000, 0x0000000100000000)
  region size 1024K, 9 young (9216K), 6 survivors (6144K)
 Metaspace       used 79367K, committed 80000K, reserved 1179648K
  class space    used 10721K, committed 11008K, reserved 1048576K
}
Event: 11.110 GC heap after
{Heap after GC invocations=33 (full 0):
 garbage-first heap   total 197632K, used 78868K [0x0000000080000000, 0x0000000100000000)
  region size 1024K, 1 young (1024K), 1 survivors (1024K)
 Metaspace       used 79367K, committed 80000K, reserved 1179648K
  class space    used 10721K, committed 11008K, reserved 1048576K
}

