# JRE version: OpenJDK Runtime Environment (17.0.9) (build 17.0.9+0--11185874)
# Java VM: OpenJDK 64-Bit Server VM (17.0.9+0--11185874, mixed mode, tiered, compressed oops, compressed class ptrs, g1 gc, windows-amd64)
GC Precious Log:
 CPUs: 8 total, 8 available
 Memory: 7834M
 Large Page Support: Disabled
 NUMA Support: Disabled
 Compressed Oops: Enabled (32-bit)
 Heap Region Size: 1M
 Heap Min Capacity: 8M
 Heap Initial Capacity: 124M
 Heap Max Capacity: 2G
 Pre-touch: Disabled
 Parallel Workers: 8
 Concurrent Workers: 2
 Concurrent Refinement Workers: 8
 Periodic GC: Disabled
Heap:
 garbage-first heap   total 488448K, used 184955K [0x0000000080000000, 0x0000000100000000)
  region size 1024K, 5 young (5120K), 5 survivors (5120K)
 Metaspace       used 162349K, committed 163200K, reserved 1245184K
  class space    used 21144K, committed 21568K, reserved 1048576K
GC Heap History (20 events):
Event: 16.530 GC heap after
{Heap after GC invocations=46 (full 0):
 garbage-first heap   total 362496K, used 130877K [0x0000000080000000, 0x0000000100000000)
  region size 1024K, 2 young (2048K), 2 survivors (2048K)
 Metaspace       used 106075K, committed 106752K, reserved 1179648K
  class space    used 14264K, committed 14592K, reserved 1048576K
}
Event: 18.172 GC heap before
{Heap before GC invocations=46 (full 0):
 garbage-first heap   total 362496K, used 275261K [0x0000000080000000, 0x0000000100000000)
  region size 1024K, 142 young (145408K), 2 survivors (2048K)
 Metaspace       used 117355K, committed 118080K, reserved 1179648K
  class space    used 15523K, committed 15872K, reserved 1048576K
}
Event: 18.178 GC heap after
{Heap after GC invocations=47 (full 0):
 garbage-first heap   total 362496K, used 137577K [0x0000000080000000, 0x0000000100000000)
  region size 1024K, 9 young (9216K), 9 survivors (9216K)
 Metaspace       used 117355K, committed 118080K, reserved 1179648K
  class space    used 15523K, committed 15872K, reserved 1048576K
}
Event: 20.355 GC heap before
{Heap before GC invocations=47 (full 0):
 garbage-first heap   total 362496K, used 285033K [0x0000000080000000, 0x0000000100000000)
  region size 1024K, 149 young (152576K), 9 survivors (9216K)
 Metaspace       used 132940K, committed 133632K, reserved 1179648K
  class space    used 17236K, committed 17600K, reserved 1048576K
}
Event: 20.364 GC heap after
{Heap after GC invocations=48 (full 0):
 garbage-first heap   total 362496K, used 149650K [0x0000000080000000, 0x0000000100000000)
  region size 1024K, 17 young (17408K), 17 survivors (17408K)
 Metaspace       used 132940K, committed 133632K, reserved 1179648K
  class space    used 17236K, committed 17600K, reserved 1048576K
}
Event: 22.380 GC heap before
{Heap before GC invocations=48 (full 0):
 garbage-first heap   total 362496K, used 298130K [0x0000000080000000, 0x0000000100000000)
  region size 1024K, 152 young (155648K), 17 survivors (17408K)
 Metaspace       used 143426K, committed 144192K, reserved 1179648K
  class space    used 18702K, committed 19072K, reserved 1048576K
}
Event: 22.391 GC heap after
{Heap after GC invocations=49 (full 0):
 garbage-first heap   total 362496K, used 163432K [0x0000000080000000, 0x0000000100000000)
  region size 1024K, 18 young (18432K), 18 survivors (18432K)
 Metaspace       used 143426K, committed 144192K, reserved 1179648K
  class space    used 18702K, committed 19072K, reserved 1048576K
}
Event: 22.406 GC heap before
{Heap before GC invocations=49 (full 0):
 garbage-first heap   total 362496K, used 163432K [0x0000000080000000, 0x0000000100000000)
  region size 1024K, 19 young (19456K), 18 survivors (18432K)
 Metaspace       used 143480K, committed 144256K, reserved 1179648K
  class space    used 18711K, committed 19072K, reserved 1048576K
}
Event: 22.415 GC heap after
{Heap after GC invocations=50 (full 0):
 garbage-first heap   total 362496K, used 165260K [0x0000000080000000, 0x0000000100000000)
  region size 1024K, 2 young (2048K), 2 survivors (2048K)
 Metaspace       used 143480K, committed 144256K, reserved 1179648K
  class space    used 18711K, committed 19072K, reserved 1048576K
}
Event: 23.607 GC heap before
{Heap before GC invocations=51 (full 0):
 garbage-first heap   total 362496K, used 297356K [0x0000000080000000, 0x0000000100000000)
  region size 1024K, 130 young (133120K), 2 survivors (2048K)
 Metaspace       used 145835K, committed 146560K, reserved 1179648K
  class space    used 19027K, committed 19392K, reserved 1048576K
}
Event: 23.637 GC heap after
{Heap after GC invocations=52 (full 0):
 garbage-first heap   total 362496K, used 177391K [0x0000000080000000, 0x0000000100000000)
  region size 1024K, 14 young (14336K), 14 survivors (14336K)
 Metaspace       used 145835K, committed 146560K, reserved 1179648K
  class space    used 19027K, committed 19392K, reserved 1048576K
}
Event: 23.646 GC heap before
{Heap before GC invocations=52 (full 0):
 garbage-first heap   total 362496K, used 180463K [0x0000000080000000, 0x0000000100000000)
  region size 1024K, 17 young (17408K), 14 survivors (14336K)
 Metaspace       used 145850K, committed 146560K, reserved 1179648K
  class space    used 19027K, committed 19392K, reserved 1048576K
}
Event: 23.731 GC heap after
{Heap after GC invocations=53 (full 0):
 garbage-first heap   total 362496K, used 177224K [0x0000000080000000, 0x0000000100000000)
  region size 1024K, 2 young (2048K), 2 survivors (2048K)
 Metaspace       used 145850K, committed 146560K, reserved 1179648K
  class space    used 19027K, committed 19392K, reserved 1048576K
}
Event: 26.329 GC heap before
{Heap before GC invocations=53 (full 0):
 garbage-first heap   total 362496K, used 292936K [0x0000000080000000, 0x0000000100000000)
  region size 1024K, 115 young (117760K), 2 survivors (2048K)
 Metaspace       used 152052K, committed 152832K, reserved 1245184K
  class space    used 19529K, committed 19904K, reserved 1048576K
}
Event: 26.338 GC heap after
{Heap after GC invocations=54 (full 0):
 garbage-first heap   total 362496K, used 186183K [0x0000000080000000, 0x0000000100000000)
  region size 1024K, 11 young (11264K), 11 survivors (11264K)
 Metaspace       used 152052K, committed 152832K, reserved 1245184K
  class space    used 19529K, committed 19904K, reserved 1048576K
}
Event: 28.963 GC heap before
{Heap before GC invocations=55 (full 0):
 garbage-first heap   total 362496K, used 295751K [0x0000000080000000, 0x0000000100000000)
  region size 1024K, 117 young (119808K), 11 survivors (11264K)
 Metaspace       used 159413K, committed 160256K, reserved 1245184K
  class space    used 20760K, committed 21184K, reserved 1048576K
}
Event: 29.009 GC heap after
{Heap after GC invocations=56 (full 0):
 garbage-first heap   total 362496K, used 190590K [0x0000000080000000, 0x0000000100000000)
  region size 1024K, 5 young (5120K), 5 survivors (5120K)
 Metaspace       used 159413K, committed 160256K, reserved 1245184K
  class space    used 20760K, committed 21184K, reserved 1048576K
}
Event: 29.490 GC heap before
{Heap before GC invocations=56 (full 0):
 garbage-first heap   total 362496K, used 201854K [0x0000000080000000, 0x0000000100000000)
  region size 1024K, 17 young (17408K), 5 survivors (5120K)
 Metaspace       used 160381K, committed 161216K, reserved 1245184K
  class space    used 20907K, committed 21312K, reserved 1048576K
}
Event: 29.508 GC heap after
{Heap after GC invocations=57 (full 0):
 garbage-first heap   total 362496K, used 186599K [0x0000000080000000, 0x0000000100000000)
  region size 1024K, 1 young (1024K), 1 survivors (1024K)
 Metaspace       used 160381K, committed 161216K, reserved 1245184K
  class space    used 20907K, committed 21312K, reserved 1048576K
}
Event: 30.537 GC heap before
{Heap before GC invocations=57 (full 0):
 garbage-first heap   total 362496K, used 219367K [0x0000000080000000, 0x0000000100000000)
  region size 1024K, 33 young (33792K), 1 survivors (1024K)
 Metaspace       used 162349K, committed 163200K, reserved 1245184K
  class space    used 21144K, committed 21568K, reserved 1048576K
}

