# JRE version: OpenJDK Runtime Environment (17.0.9) (build 17.0.9+0--11185874)
# Java VM: OpenJDK 64-Bit Server VM (17.0.9+0--11185874, mixed mode, tiered, compressed oops, compressed class ptrs, g1 gc, windows-amd64)
GC Precious Log:
 CPUs: 8 total, 8 available
 Memory: 7834M
 Large Page Support: Disabled
 NUMA Support: Disabled
 Compressed Oops: Enabled (32-bit)
 Heap Region Size: 1M
 Heap Min Capacity: 8M
 Heap Initial Capacity: 124M
 Heap Max Capacity: 2G
 Pre-touch: Disabled
 Parallel Workers: 8
 Concurrent Workers: 2
 Concurrent Refinement Workers: 8
 Periodic GC: Disabled
Heap:
 garbage-first heap   total 450560K, used 363799K [0x0000000080000000, 0x0000000100000000)
  region size 1024K, 116 young (118784K), 14 survivors (14336K)
 Metaspace       used 192122K, committed 193408K, reserved 1245184K
  class space    used 24774K, committed 25408K, reserved 1048576K
GC Heap History (20 events):
Event: 473.099 GC heap before
{Heap before GC invocations=73 (full 0):
 garbage-first heap   total 353280K, used 284205K [0x0000000080000000, 0x0000000100000000)
  region size 1024K, 73 young (74752K), 4 survivors (4096K)
 Metaspace       used 180364K, committed 181440K, reserved 1245184K
  class space    used 23409K, committed 23936K, reserved 1048576K
}
Event: 473.108 GC heap after
{Heap after GC invocations=74 (full 0):
 garbage-first heap   total 353280K, used 216507K [0x0000000080000000, 0x0000000100000000)
  region size 1024K, 12 young (12288K), 12 survivors (12288K)
 Metaspace       used 180364K, committed 181440K, reserved 1245184K
  class space    used 23409K, committed 23936K, reserved 1048576K
}
Event: 473.539 GC heap before
{Heap before GC invocations=74 (full 0):
 garbage-first heap   total 353280K, used 296379K [0x0000000080000000, 0x0000000100000000)
  region size 1024K, 89 young (91136K), 12 survivors (12288K)
 Metaspace       used 180364K, committed 181440K, reserved 1245184K
  class space    used 23409K, committed 23936K, reserved 1048576K
}
Event: 473.558 GC heap after
{Heap after GC invocations=75 (full 0):
 garbage-first heap   total 353280K, used 233815K [0x0000000080000000, 0x0000000100000000)
  region size 1024K, 12 young (12288K), 12 survivors (12288K)
 Metaspace       used 180364K, committed 181440K, reserved 1245184K
  class space    used 23409K, committed 23936K, reserved 1048576K
}
Event: 474.027 GC heap before
{Heap before GC invocations=75 (full 0):
 garbage-first heap   total 353280K, used 292183K [0x0000000080000000, 0x0000000100000000)
  region size 1024K, 69 young (70656K), 12 survivors (12288K)
 Metaspace       used 180366K, committed 181440K, reserved 1245184K
  class space    used 23409K, committed 23936K, reserved 1048576K
}
Event: 474.034 GC heap after
{Heap after GC invocations=76 (full 0):
 garbage-first heap   total 353280K, used 237075K [0x0000000080000000, 0x0000000100000000)
  region size 1024K, 5 young (5120K), 5 survivors (5120K)
 Metaspace       used 180366K, committed 181440K, reserved 1245184K
  class space    used 23409K, committed 23936K, reserved 1048576K
}
Event: 474.332 GC heap before
{Heap before GC invocations=77 (full 0):
 garbage-first heap   total 450560K, used 295443K [0x0000000080000000, 0x0000000100000000)
  region size 1024K, 62 young (63488K), 5 survivors (5120K)
 Metaspace       used 180366K, committed 181440K, reserved 1245184K
  class space    used 23409K, committed 23936K, reserved 1048576K
}
Event: 474.335 GC heap after
{Heap after GC invocations=78 (full 0):
 garbage-first heap   total 450560K, used 237587K [0x0000000080000000, 0x0000000100000000)
  region size 1024K, 5 young (5120K), 5 survivors (5120K)
 Metaspace       used 180366K, committed 181440K, reserved 1245184K
  class space    used 23409K, committed 23936K, reserved 1048576K
}
Event: 474.417 GC heap before
{Heap before GC invocations=78 (full 0):
 garbage-first heap   total 450560K, used 254995K [0x0000000080000000, 0x0000000100000000)
  region size 1024K, 22 young (22528K), 5 survivors (5120K)
 Metaspace       used 180366K, committed 181440K, reserved 1245184K
  class space    used 23409K, committed 23936K, reserved 1048576K
}
Event: 474.422 GC heap after
{Heap after GC invocations=79 (full 0):
 garbage-first heap   total 450560K, used 231867K [0x0000000080000000, 0x0000000100000000)
  region size 1024K, 3 young (3072K), 3 survivors (3072K)
 Metaspace       used 180366K, committed 181440K, reserved 1245184K
  class space    used 23409K, committed 23936K, reserved 1048576K
}
Event: 475.527 GC heap before
{Heap before GC invocations=79 (full 0):
 garbage-first heap   total 450560K, used 357819K [0x0000000080000000, 0x0000000100000000)
  region size 1024K, 126 young (129024K), 3 survivors (3072K)
 Metaspace       used 180366K, committed 181440K, reserved 1245184K
  class space    used 23409K, committed 23936K, reserved 1048576K
}
Event: 475.532 GC heap after
{Heap after GC invocations=80 (full 0):
 garbage-first heap   total 450560K, used 234163K [0x0000000080000000, 0x0000000100000000)
  region size 1024K, 6 young (6144K), 6 survivors (6144K)
 Metaspace       used 180366K, committed 181440K, reserved 1245184K
  class space    used 23409K, committed 23936K, reserved 1048576K
}
Event: 476.478 GC heap before
{Heap before GC invocations=80 (full 0):
 garbage-first heap   total 450560K, used 367283K [0x0000000080000000, 0x0000000100000000)
  region size 1024K, 136 young (139264K), 6 survivors (6144K)
 Metaspace       used 180366K, committed 181440K, reserved 1245184K
  class space    used 23409K, committed 23936K, reserved 1048576K
}
Event: 476.482 GC heap after
{Heap after GC invocations=81 (full 0):
 garbage-first heap   total 450560K, used 237101K [0x0000000080000000, 0x0000000100000000)
  region size 1024K, 9 young (9216K), 9 survivors (9216K)
 Metaspace       used 180366K, committed 181440K, reserved 1245184K
  class space    used 23409K, committed 23936K, reserved 1048576K
}
Event: 477.073 GC heap before
{Heap before GC invocations=81 (full 0):
 garbage-first heap   total 450560K, used 373293K [0x0000000080000000, 0x0000000100000000)
  region size 1024K, 142 young (145408K), 9 survivors (9216K)
 Metaspace       used 180366K, committed 181440K, reserved 1245184K
  class space    used 23409K, committed 23936K, reserved 1048576K
}
Event: 477.078 GC heap after
{Heap after GC invocations=82 (full 0):
 garbage-first heap   total 450560K, used 240236K [0x0000000080000000, 0x0000000100000000)
  region size 1024K, 12 young (12288K), 12 survivors (12288K)
 Metaspace       used 180366K, committed 181440K, reserved 1245184K
  class space    used 23409K, committed 23936K, reserved 1048576K
}
Event: 478.360 GC heap before
{Heap before GC invocations=82 (full 0):
 garbage-first heap   total 450560K, used 394860K [0x0000000080000000, 0x0000000100000000)
  region size 1024K, 146 young (149504K), 12 survivors (12288K)
 Metaspace       used 184369K, committed 185472K, reserved 1245184K
  class space    used 23840K, committed 24384K, reserved 1048576K
}
Event: 478.371 GC heap after
{Heap after GC invocations=83 (full 0):
 garbage-first heap   total 450560K, used 250098K [0x0000000080000000, 0x0000000100000000)
  region size 1024K, 18 young (18432K), 18 survivors (18432K)
 Metaspace       used 184369K, committed 185472K, reserved 1245184K
  class space    used 23840K, committed 24384K, reserved 1048576K
}
Event: 479.526 GC heap before
{Heap before GC invocations=83 (full 0):
 garbage-first heap   total 450560K, used 374002K [0x0000000080000000, 0x0000000100000000)
  region size 1024K, 140 young (143360K), 18 survivors (18432K)
 Metaspace       used 189779K, committed 190976K, reserved 1245184K
  class space    used 24484K, committed 25088K, reserved 1048576K
}
Event: 479.544 GC heap after
{Heap after GC invocations=84 (full 0):
 garbage-first heap   total 450560K, used 261399K [0x0000000080000000, 0x0000000100000000)
  region size 1024K, 14 young (14336K), 14 survivors (14336K)
 Metaspace       used 189779K, committed 190976K, reserved 1245184K
  class space    used 24484K, committed 25088K, reserved 1048576K
}

